Build started 11/8/2014 11:46:29 AM.
     1>Project "C:\Users\timothy\documents\visual studio 2013\Projects\SFML_Game\SFML_Game\SFML_Game.vcxproj" on node 2 (Build target(s)).
     1>ClCompile:
         C:\Program Files (x86)\Microsoft Visual Studio 12.0\VC\bin\CL.exe /c /I.\SFML\include /ZI /nologo /W3 /WX- /sdl /Od /Oy- /D WIN32 /D _DEBUG /D _WINDOWS /D _UNICODE /D UNICODE /Gm /EHsc /RTC1 /MDd /GS /fp:precise /Zc:wchar_t /Zc:forScope /Fo"Debug\\" /Fd"Debug\vc120.pdb" /Gd /TP /analyze- /errorReport:prompt LevelScreen.cpp
         LevelScreen.cpp
     1>cl : Command line warning D9028: minimal rebuild failure, reverting to normal build
       Link:
         C:\Program Files (x86)\Microsoft Visual Studio 12.0\VC\bin\link.exe /ERRORREPORT:PROMPT /OUT:"C:\Users\timothy\documents\visual studio 2013\Projects\SFML_Game\Debug\SFML_Game.exe" /INCREMENTAL /NOLOGO /LIBPATH:.\SFML\lib "sfml-audio-d.lib" "sfml-graphics-d.lib" "sfml-network-d.lib" "sfml-window-d.lib" "sfml-system-d.lib" kernel32.lib user32.lib gdi32.lib winspool.lib comdlg32.lib advapi32.lib shell32.lib ole32.lib oleaut32.lib uuid.lib odbc32.lib odbccp32.lib /MANIFEST /MANIFESTUAC:"level='asInvoker' uiAccess='false'" /manifest:embed /DEBUG /PDB:"C:\Users\timothy\documents\visual studio 2013\Projects\SFML_Game\Debug\SFML_Game.pdb" /SUBSYSTEM:CONSOLE /TLBID:1 /DYNAMICBASE /NXCOMPAT /IMPLIB:"C:\Users\timothy\documents\visual studio 2013\Projects\SFML_Game\Debug\SFML_Game.lib" /MACHINE:X86 Debug\Game.obj
         Debug\Level.obj
         Debug\LevelScreen.obj
         Debug\main.obj
         Debug\OptionScreen.obj
         Debug\Platform.obj
         Debug\PlayerChar.obj
         Debug\Screen.obj
         Debug\StartScreen.obj
     1>Game.obj : error LNK2001: unresolved external symbol "public: virtual void __thiscall Screen::render(class sf::RenderWindow &)" (?render@Screen@@UAEXAAVRenderWindow@sf@@@Z)
     1>LevelScreen.obj : error LNK2001: unresolved external symbol "public: virtual void __thiscall Screen::render(class sf::RenderWindow &)" (?render@Screen@@UAEXAAVRenderWindow@sf@@@Z)
     1>OptionScreen.obj : error LNK2001: unresolved external symbol "public: virtual void __thiscall Screen::render(class sf::RenderWindow &)" (?render@Screen@@UAEXAAVRenderWindow@sf@@@Z)
     1>Screen.obj : error LNK2001: unresolved external symbol "public: virtual void __thiscall Screen::render(class sf::RenderWindow &)" (?render@Screen@@UAEXAAVRenderWindow@sf@@@Z)
     1>StartScreen.obj : error LNK2001: unresolved external symbol "public: virtual void __thiscall Screen::handleInput(void)" (?handleInput@Screen@@UAEXXZ)
     1>Game.obj : error LNK2001: unresolved external symbol "public: virtual void __thiscall Screen::handleInput(void)" (?handleInput@Screen@@UAEXXZ)
     1>LevelScreen.obj : error LNK2001: unresolved external symbol "public: virtual void __thiscall Screen::handleInput(void)" (?handleInput@Screen@@UAEXXZ)
     1>OptionScreen.obj : error LNK2001: unresolved external symbol "public: virtual void __thiscall Screen::handleInput(void)" (?handleInput@Screen@@UAEXXZ)
     1>Screen.obj : error LNK2001: unresolved external symbol "public: virtual void __thiscall Screen::handleInput(void)" (?handleInput@Screen@@UAEXXZ)
     1>C:\Users\timothy\documents\visual studio 2013\Projects\SFML_Game\Debug\SFML_Game.exe : fatal error LNK1120: 2 unresolved externals
     1>Done Building Project "C:\Users\timothy\documents\visual studio 2013\Projects\SFML_Game\SFML_Game\SFML_Game.vcxproj" (Build target(s)) -- FAILED.

Build FAILED.

Time Elapsed 00:00:02.94
